#
# There is insufficient memory for the Java Runtime Environment to continue.
# Native memory allocation (mmap) failed to map 62914560 bytes for G1 virtual space
# Possible reasons:
#   The system is out of physical RAM or swap space
#   The process is running with CompressedOops enabled, and the Java Heap may be blocking the growth of the native heap
# Possible solutions:
#   Reduce memory load on the system
#   Increase physical memory or swap space
#   Check if swap backing store is full
#   Decrease Java heap size (-Xmx/-Xms)
#   Decrease number of Java threads
#   Decrease Java thread stack sizes (-Xss)
#   Set larger code cache with -XX:ReservedCodeCacheSize=
#   JVM is running with Unscaled Compressed Oops mode in which the Java heap is
#     placed in the first 4GB address space. The Java Heap base address is the
#     maximum limit for the native heap growth. Please use -XX:HeapBaseMinAddress
#     to set the Java Heap base and to place the Java Heap above 4GB virtual address.
# This output file may be truncated or incomplete.
#
#  Out of Memory Error (os_windows.cpp:3530), pid=16876, tid=20924
#
# JRE version:  (18.0.2+9) (build )
# Java VM: Java HotSpot(TM) 64-Bit Server VM (18.0.2+9-61, mixed mode, sharing, tiered, compressed oops, compressed class ptrs, g1 gc, windows-amd64)
# No core dump will be written. Minidumps are not enabled by default on client versions of Windows
#

---------------  S U M M A R Y ------------

Command Line: -Dfile.encoding=UTF-8 -Dstdout.encoding=UTF-8 -Dstderr.encoding=UTF-8 --module-path=C:\Users\HP\eclipse-workspace\bank_management_Syste1\bin -XX:+ShowCodeDetailsInExceptionMessages -Djdk.module.main=bank_management_Syste1 bank_management_Syste1/bank_management_Syste1.Login1

Host: Intel(R) Core(TM) i3-1005G1 CPU @ 1.20GHz, 4 cores, 3G,  Windows 11 , 64 bit Build 22621 (10.0.22621.2428)
Time: Fri Oct 20 20:26:11 2023 India Standard Time elapsed time: 0.063195 seconds (0d 0h 0m 0s)

---------------  T H R E A D  ---------------

Current thread (0x0000015f88e7bc20):  JavaThread "Unknown thread" [_thread_in_vm, id=20924, stack(0x0000005828f00000,0x0000005829000000)]

Stack: [0x0000005828f00000,0x0000005829000000]
Native frames: (J=compiled Java code, j=interpreted, Vv=VM code, C=native code)
V  [jvm.dll+0x6993ca]
V  [jvm.dll+0x7f481d]
V  [jvm.dll+0x7f612e]
V  [jvm.dll+0x7f67e3]
V  [jvm.dll+0x25cdaf]
V  [jvm.dll+0x696319]
V  [jvm.dll+0x68ae4a]
V  [jvm.dll+0x3223eb]
V  [jvm.dll+0x329dc6]
V  [jvm.dll+0x37eade]
V  [jvm.dll+0x37ed0f]
V  [jvm.dll+0x2fa16a]
V  [jvm.dll+0x2fb1cd]
V  [jvm.dll+0x7c3450]
V  [jvm.dll+0x38be61]
V  [jvm.dll+0x7a2073]
V  [jvm.dll+0x40dc3f]
V  [jvm.dll+0x40f611]
C  [jli.dll+0x526b]
C  [ucrtbase.dll+0x29363]
C  [KERNEL32.DLL+0x1257d]
C  [ntdll.dll+0x5aa78]


---------------  P R O C E S S  ---------------

Threads class SMR info:
_java_thread_list=0x00007ff995dce550, length=0, elements={
}

Java Threads: ( => current thread )

Other Threads:
  0x0000015f88ebbd00 WorkerThread "GC Thread#0" [stack: 0x0000005829000000,0x0000005829100000] [id=8740]
  0x0000015f88ec42b0 ConcurrentGCThread "G1 Main Marker" [stack: 0x0000005829100000,0x0000005829200000] [id=13920]
  0x0000015f88ec4ca0 WorkerThread "G1 Conc#0" [stack: 0x0000005829200000,0x0000005829300000] [id=16596]

[error occurred during error reporting (printing all threads), id 0xc0000005, EXCEPTION_ACCESS_VIOLATION (0xc0000005) at pc=0x00007ff9955fa707]

VM state: not at safepoint (not fully initialized)

VM Mutex/Monitor currently owned by a thread:  ([mutex/lock_event])
[0x0000015f88e78eb0] Heap_lock - owner thread: 0x0000015f88e7bc20

Heap address: 0x00000000c4c00000, size: 948 MB, Compressed Oops mode: 32-bit

CDS archive(s) mapped at: [0x0000000000000000-0x0000000000000000-0x0000000000000000), size 0, SharedBaseAddress: 0x0000000800000000, ArchiveRelocationMode: 0.
Narrow klass base: 0x0000000000000000, Narrow klass shift: 0, Narrow klass range: 0x0

GC Precious Log:
 CardTable entry size: 512
 Card Set container configuration: InlinePtr #cards 5 size 8 Array Of Cards #cards 12 size 40 Howl #buckets 4 coarsen threshold 1843 Howl Bitmap #cards 512 size 80 coarsen threshold 460 Card regions per heap region 1 cards per card region 2048

Heap:
 garbage-first heap   total 0K, used 0K [0x00000000c4c00000, 0x0000000100000000)
  region size 1024K, 0 young (0K), 0 survivors (0K)

[error occurred during error reporting (printing heap information), id 0xc0000005, EXCEPTION_ACCESS_VIOLATION (0xc0000005) at pc=0x00007ff9959e1859]

GC Heap History (0 events):
No events

Deoptimization events (0 events):
No events

Classes loaded (0 events):
No events

Classes unloaded (0 events):
No events

Classes redefined (0 events):
No events

Internal exceptions (0 events):
No events

VM Operations (0 events):
No events

Events (1 events):
Event: 0.024 Loaded shared library C:\Program Files\Java\jdk-18.0.2\bin\java.dll


Dynamic libraries:
0x00007ff63a810000 - 0x00007ff63a820000 	C:\Program Files\Java\jdk-18.0.2\bin\javaw.exe
0x00007ffa16cf0000 - 0x00007ffa16f07000 	C:\WINDOWS\SYSTEM32\ntdll.dll
0x00007ffa15980000 - 0x00007ffa15a44000 	C:\WINDOWS\System32\KERNEL32.DLL
0x00007ffa141c0000 - 0x00007ffa14566000 	C:\WINDOWS\System32\KERNELBASE.dll
0x00007ffa140a0000 - 0x00007ffa141b1000 	C:\WINDOWS\System32\ucrtbase.dll
0x00007ff9fe340000 - 0x00007ff9fe358000 	C:\Program Files\Java\jdk-18.0.2\bin\jli.dll
0x00007ffa14c10000 - 0x00007ffa14cc0000 	C:\WINDOWS\System32\ADVAPI32.dll
0x00007ffa14d90000 - 0x00007ffa14e37000 	C:\WINDOWS\System32\msvcrt.dll
0x00007ffa14cc0000 - 0x00007ffa14d66000 	C:\WINDOWS\System32\sechost.dll
0x00007ffa160c0000 - 0x00007ffa161d7000 	C:\WINDOWS\System32\RPCRT4.dll
0x00007ffa16670000 - 0x00007ffa1681d000 	C:\WINDOWS\System32\USER32.dll
0x00007ffa14070000 - 0x00007ffa14096000 	C:\WINDOWS\System32\win32u.dll
0x00007ffa156a0000 - 0x00007ffa156c9000 	C:\WINDOWS\System32\GDI32.dll
0x00007ff9f5480000 - 0x00007ff9f5713000 	C:\WINDOWS\WinSxS\amd64_microsoft.windows.common-controls_6595b64144ccf1df_6.0.22621.2361_none_2712ced57382f843\COMCTL32.dll
0x00007ffa14750000 - 0x00007ffa14868000 	C:\WINDOWS\System32\gdi32full.dll
0x00007ffa146b0000 - 0x00007ffa1474a000 	C:\WINDOWS\System32\msvcp_win.dll
0x00007ffa0a8a0000 - 0x00007ffa0a8aa000 	C:\WINDOWS\SYSTEM32\VERSION.dll
0x00007ffa00900000 - 0x00007ffa0091a000 	C:\Program Files\Java\jdk-18.0.2\bin\VCRUNTIME140.dll
0x00007ffa16060000 - 0x00007ffa16091000 	C:\WINDOWS\System32\IMM32.DLL
0x00007ffa07080000 - 0x00007ffa0708c000 	C:\Program Files\Java\jdk-18.0.2\bin\vcruntime140_1.dll
0x00007ff9f7d50000 - 0x00007ff9f7ddd000 	C:\Program Files\Java\jdk-18.0.2\bin\msvcp140.dll
0x00007ff9952f0000 - 0x00007ff995f01000 	C:\Program Files\Java\jdk-18.0.2\bin\server\jvm.dll
0x00007ffa14c00000 - 0x00007ffa14c08000 	C:\WINDOWS\System32\PSAPI.DLL
0x00007ff9ec680000 - 0x00007ff9ec689000 	C:\WINDOWS\SYSTEM32\WSOCK32.dll
0x00007ffa09920000 - 0x00007ffa09954000 	C:\WINDOWS\SYSTEM32\WINMM.dll
0x00007ffa15fe0000 - 0x00007ffa16051000 	C:\WINDOWS\System32\WS2_32.dll
0x00007ffa13050000 - 0x00007ffa13068000 	C:\WINDOWS\SYSTEM32\kernel.appcore.dll
0x00007ff9ec5d0000 - 0x00007ff9ec5da000 	C:\Program Files\Java\jdk-18.0.2\bin\jimage.dll
0x00007ffa11ac0000 - 0x00007ffa11cee000 	C:\WINDOWS\SYSTEM32\DBGHELP.DLL
0x00007ffa162e0000 - 0x00007ffa1666a000 	C:\WINDOWS\System32\combase.dll
0x00007ffa14ad0000 - 0x00007ffa14ba7000 	C:\WINDOWS\System32\OLEAUT32.dll
0x00007ffa01890000 - 0x00007ffa018c2000 	C:\WINDOWS\SYSTEM32\dbgcore.DLL
0x00007ffa14630000 - 0x00007ffa146aa000 	C:\WINDOWS\System32\bcryptPrimitives.dll
0x00007ff9a3660000 - 0x00007ff9a3685000 	C:\Program Files\Java\jdk-18.0.2\bin\java.dll

dbghelp: loaded successfully - version: 4.0.5 - missing functions: none
symbol engine: initialized successfully - sym options: 0x614 - pdb path: .;C:\Program Files\Java\jdk-18.0.2\bin;C:\WINDOWS\SYSTEM32;C:\WINDOWS\WinSxS\amd64_microsoft.windows.common-controls_6595b64144ccf1df_6.0.22621.2361_none_2712ced57382f843;C:\Program Files\Java\jdk-18.0.2\bin\server

VM Arguments:
jvm_args: -Dfile.encoding=UTF-8 -Dstdout.encoding=UTF-8 -Dstderr.encoding=UTF-8 --module-path=C:\Users\HP\eclipse-workspace\bank_management_Syste1\bin -XX:+ShowCodeDetailsInExceptionMessages -Djdk.module.main=bank_management_Syste1 
java_command: bank_management_Syste1/bank_management_Syste1.Login1
java_class_path (initial): C:\Users\HP\Downloads\mysql-connector-j-8.1.0\mysql-connector-j-8.1.0\mysql-connector-j-8.1.0.jar
Launcher Type: SUN_STANDARD

[Global flags]
     intx CICompilerCount                          = 3                                         {product} {ergonomic}
     uint ConcGCThreads                            = 1                                         {product} {ergonomic}
     uint G1ConcRefinementThreads                  = 4                                         {product} {ergonomic}
   size_t G1HeapRegionSize                         = 1048576                                   {product} {ergonomic}
    uintx GCDrainStackTargetSize                   = 64                                        {product} {ergonomic}
   size_t InitialHeapSize                          = 62914560                                  {product} {ergonomic}
   size_t MarkStackSize                            = 4194304                                   {product} {ergonomic}
   size_t MaxHeapSize                              = 994050048                                 {product} {ergonomic}
   size_t MinHeapDeltaBytes                        = 1048576                                   {product} {ergonomic}
   size_t MinHeapSize                              = 8388608                                   {product} {ergonomic}
    uintx NonNMethodCodeHeapSize                   = 5832780                                {pd product} {ergonomic}
    uintx NonProfiledCodeHeapSize                  = 122912730                              {pd product} {ergonomic}
    uintx ProfiledCodeHeapSize                     = 122912730                              {pd product} {ergonomic}
    uintx ReservedCodeCacheSize                    = 251658240                              {pd product} {ergonomic}
     bool SegmentedCodeCache                       = true                                      {product} {ergonomic}
     bool ShowCodeDetailsInExceptionMessages       = true                                   {manageable} {command line}
   size_t SoftMaxHeapSize                          = 994050048                              {manageable} {ergonomic}
     bool UseCompressedClassPointers               = true                           {product lp64_product} {ergonomic}
     bool UseCompressedOops                        = true                           {product lp64_product} {ergonomic}
     bool UseG1GC                                  = true                                      {product} {ergonomic}
     bool UseLargePagesIndividualAllocation        = false                                  {pd product} {ergonomic}

Logging:
Log output configuration:
 #0: stdout all=warning uptime,level,tags foldmultilines=false
 #1: stderr all=off uptime,level,tags foldmultilines=false

Environment Variables:
CLASSPATH=C:\Users\HP\Downloads\mysql-connector.jar;.;
PATH=C:/Program Files/Java/jdk-18.0.2/bin/server;C:/Program Files/Java/jdk-18.0.2/bin;C:\Program Files\nodejs\;C:\Users\HP\OneDrive\Desktop\java programming;C:\Program Files\MySQL\MySQL Server 8.0\bin;C:\Users\HP\AppData\Local\Programs\Microsoft VS Code\bin;C:\Users\HP\AppData\Roaming\npm;C:\WINDOWS\System32;
USERNAME=HP
OS=Windows_NT
PROCESSOR_IDENTIFIER=Intel64 Family 6 Model 126 Stepping 5, GenuineIntel



---------------  S Y S T E M  ---------------

OS:
 Windows 11 , 64 bit Build 22621 (10.0.22621.2428)
OS uptime: 3 days 1:33 hours

CPU: total 4 (initial active 4) (2 cores per cpu, 2 threads per core) family 6 model 126 stepping 5 microcode 0xa0, cx8, cmov, fxsr, ht, mmx, 3dnowpref, sse, sse2, sse3, ssse3, sse4.1, sse4.2, popcnt, lzcnt, tsc, tscinvbit, avx, avx2, aes, erms, clmul, bmi1, bmi2, adx, avx512f, avx512dq, avx512cd, avx512bw, avx512vl, sha, fma, vzeroupper, avx512_vpopcntdq, avx512_vpclmulqdq, avx512_vaes, avx512_vnni, clflush, clflushopt, avx512_vbmi2, avx512_vbmi

Memory: 4k page, system-wide physical 3784M (265M free)
TotalPageFile size 15560M (AvailPageFile size 41M)
current process WorkingSet (physical memory assigned to process): 11M, peak: 11M
current process commit charge ("private bytes"): 51M, peak: 111M

vm_info: Java HotSpot(TM) 64-Bit Server VM (18.0.2+9-61) for windows-amd64 JRE (18.0.2+9-61), built on Jun  7 2022 13:09:01 by "mach5one" with MS VC++ 16.8 / 16.9 (VS2019)

END.
